f:\qt\workshop\netwindow\netwindow\x64\debug\widgetdata.obj
f:\qt\workshop\netwindow\netwindow\x64\debug\qrc_netwindow.obj
f:\qt\workshop\netwindow\netwindow\x64\debug\qtwebview.obj
f:\qt\workshop\netwindow\netwindow\x64\debug\main.obj
f:\qt\workshop\netwindow\netwindow\x64\debug\netwindow.obj
f:\qt\workshop\netwindow\netwindow\x64\debug\moc_netwindow.obj
f:\qt\workshop\netwindow\netwindow\x64\debug\moc_qtwebview.obj
f:\qt\workshop\netwindow\netwindow\x64\debug\moc_qtfinddialog.obj
f:\qt\workshop\netwindow\netwindow\x64\debug\vc141.pdb
f:\qt\workshop\netwindow\netwindow\x64\debug\qtfinddialog.obj
f:\qt\workshop\netwindow\x64\debug\netwindow.exe
f:\qt\workshop\netwindow\x64\debug\netwindow.ilk
f:\qt\workshop\netwindow\x64\debug\netwindow.pdb
f:\qt\workshop\netwindow\netwindow\generatedfiles\debug\moc_netwindow.cpp
f:\qt\workshop\netwindow\netwindow\generatedfiles\debug\moc_qtwebview.cpp
f:\qt\workshop\netwindow\netwindow\generatedfiles\qrc_netwindow.cpp
f:\qt\workshop\netwindow\netwindow\generatedfiles\ui_netwindow.h
f:\qt\workshop\netwindow\netwindow\generatedfiles\ui_webview.h
f:\qt\workshop\netwindow\netwindow\generatedfiles\debug\moc_qtfinddialog.cpp
f:\qt\workshop\netwindow\netwindow\generatedfiles\ui_finddialog.h
f:\qt\workshop\netwindow\netwindow\x64\debug\netwindow.tlog\cl.command.1.tlog
f:\qt\workshop\netwindow\netwindow\x64\debug\netwindow.tlog\cl.read.1.tlog
f:\qt\workshop\netwindow\netwindow\x64\debug\netwindow.tlog\cl.write.1.tlog
f:\qt\workshop\netwindow\netwindow\x64\debug\netwindow.tlog\link.command.1.tlog
f:\qt\workshop\netwindow\netwindow\x64\debug\netwindow.tlog\link.read.1.tlog
f:\qt\workshop\netwindow\netwindow\x64\debug\netwindow.tlog\link.write.1.tlog
f:\qt\workshop\netwindow\netwindow\x64\debug\netwindow.tlog\netwindow.write.1u.tlog
